<?xml version="1.0" encoding="UTF-8"?>
<!-- Generated by org.testng.reporters.JUnitXMLReporter -->
<testsuite hostname="ADMINRG-77I9HE9" ignored="0" name="TestVagrantTests" tests="1" failures="1" timestamp="15 Jul 2021 20:54:01 GMT" time="61.031" errors="0">
  <testcase name="testVagrantTestCase" time="59.598" classname="com.TestVagrant.Tests.TestVagrantTest">
    <failure type="java.lang.AssertionError" message="Since some Weather parameters did not match the test is failed">
      <![CDATA[java.lang.AssertionError: Since some Weather parameters did not match the test is failed
at com.TestVagrant.Util.PerformWeatherDataComparison.compare(PerformWeatherDataComparison.java:71)
at com.TestVagrant.Tests.TestVagrantTest.testVagrantTestCase(TestVagrantTest.java:30)
... Removed 26 stack frames]]>
    </failure>
  </testcase> <!-- testVagrantTestCase -->
</testsuite> <!-- TestVagrantTests -->
